[22:50:47] [ServerMain/INFO]: [bootstrap] Running Java 21 (OpenJDK 64-Bit Server VM 21.0.8+9-Ubuntu-0ubuntu124.04.1; Ubuntu null) on Linux 6.8.0-1030-azure (amd64)
[22:50:47] [ServerMain/INFO]: [bootstrap] Loading Paper 1.21-130-master@b1b5d4c (2024-08-10T10:02:42Z) for Minecraft 1.21
[22:50:47] [ServerMain/INFO]: [PluginInitializerManager] Initializing plugins...
[22:50:48] [ServerMain/INFO]: [PluginInitializerManager] Initialized 6 plugins
[22:50:48] [ServerMain/INFO]: [PluginInitializerManager] Bukkit plugins (6):
 - Geyser-Spigot (2.8.3-SNAPSHOT), SkinsRestorer (15.7.10), ViaBackwards (5.4.3-SNAPSHOT), ViaVersion (5.5.0-SNAPSHOT), floodgate (2.2.4-SNAPSHOT (b118-40d320a)), voicechat (2.5.36)
[22:50:55] [ServerMain/INFO]: Environment: Environment[sessionHost=https://sessionserver.mojang.com, servicesHost=https://api.minecraftservices.com, name=PROD]
[22:50:56] [ServerMain/INFO]: Found new data pack file/bukkit, loading it automatically
[22:50:56] [ServerMain/INFO]: Found new data pack paper, loading it automatically
[22:50:57] [ServerMain/INFO]: No existing world data, creating new world
[22:50:58] [ServerMain/INFO]: Loaded 1290 recipes
[22:50:59] [ServerMain/INFO]: Loaded 1399 advancements
[22:50:59] [Server thread/INFO]: Starting minecraft server version 1.21
[22:50:59] [Server thread/INFO]: Loading properties
[22:50:59] [Server thread/INFO]: This server is running Paper version 1.21-130-master@b1b5d4c (2024-08-10T10:02:42Z) (Implementing API version 1.21-R0.1-SNAPSHOT)
[22:51:00] [Server thread/INFO]: [spark] This server bundles the spark profiler. For more information please visit https://docs.papermc.io/paper/profiling
[22:51:00] [Server thread/INFO]: Server Ping Player Sample Count: 12
[22:51:00] [Server thread/INFO]: Using 4 threads for Netty based IO
[22:51:02] [Server thread/INFO]: [ChunkTaskScheduler] Chunk system is using 1 I/O threads, 1 worker threads, and population gen parallelism of 1 threads
[22:51:02] [Server thread/INFO]: Default game type: SURVIVAL
[22:51:02] [Server thread/INFO]: Generating keypair
[22:51:02] [Server thread/INFO]: Starting Minecraft server on *:25565
[22:51:02] [Server thread/INFO]: Using epoll channel type
[22:51:02] [Server thread/INFO]: Paper: Using libdeflate (Linux x86_64) compression from Velocity.
[22:51:02] [Server thread/INFO]: Paper: Using OpenSSL 3.0.x (Linux x86_64) cipher from Velocity.
[22:51:04] [Server thread/INFO]: [ViaVersion] Loading server plugin ViaVersion v5.5.0-SNAPSHOT
[22:51:04] [Server thread/INFO]: [ViaVersion] ViaVersion 5.5.0-SNAPSHOT is now loaded. Registering protocol transformers and injecting...
[22:51:07] [Via-Mappingloader-0/INFO]: [ViaVersion] Loading block connection mappings ...
[22:51:08] [Via-Mappingloader-0/INFO]: [ViaVersion] Using FastUtil Long2ObjectOpenHashMap for block connections
[22:51:10] [Server thread/INFO]: [ViaBackwards] Loading translations...
[22:51:10] [Server thread/INFO]: [ViaBackwards] Registering protocols...
[22:51:13] [Server thread/INFO]: [floodgate] Loading server plugin floodgate v2.2.4-SNAPSHOT (b118-40d320a)
[22:51:15] [Server thread/WARN]: [floodgate] en_ is not a supported Floodgate language.
[22:51:15] [Server thread/INFO]: [floodgate] Took 2,512ms to boot Floodgate
[22:51:15] [Server thread/INFO]: [ViaBackwards] Loading server plugin ViaBackwards v5.4.3-SNAPSHOT
[22:51:15] [Server thread/INFO]: [voicechat] Loading server plugin voicechat v2.5.36
[22:51:15] [Server thread/INFO]: [Geyser-Spigot] Loading server plugin Geyser-Spigot v2.8.3-SNAPSHOT
[22:51:17] [Server thread/INFO]: [Geyser-Spigot] Loading extensions...
[22:51:17] [Server thread/INFO]: [Geyser-Spigot] Loaded 0 extension(s)
[22:51:17] [Server thread/INFO]: [SkinsRestorer] Loading server plugin SkinsRestorer v15.7.10
[22:51:17] [Server thread/INFO]: Server permissions file permissions.yml is empty, ignoring it
[22:51:17] [Server thread/INFO]: [SkinsRestorer] Enabling SkinsRestorer v15.7.10
[22:51:20] [Server thread/INFO]: [SkinsRestorer] Running on Minecraft 1.21.0.
[22:51:20] [Server thread/INFO]: [SkinsRestorer] Floodgate skin listener registered
[22:51:21] [Server thread/INFO]: [SkinsRestorer] Using paper join listener!
[22:51:21] [Server thread/WARN]: **** SERVER IS RUNNING IN OFFLINE/INSECURE MODE!
[22:51:21] [Server thread/WARN]: The server will make no attempt to authenticate usernames. Beware.
[22:51:21] [Server thread/WARN]: While this makes the game possible to play without internet access, it also opens up the ability for hackers to connect with any username they choose.
[22:51:21] [Server thread/WARN]: To change this, set "online-mode" to "true" in the server.properties file.
[22:51:21] [Server thread/INFO]: Preparing level "world"
[22:51:22] [Folia Async Scheduler Thread #1/INFO]: [SkinsRestorer] ----------------------------------------------
[22:51:22] [Folia Async Scheduler Thread #1/INFO]: [SkinsRestorer]     +==================+
[22:51:22] [Folia Async Scheduler Thread #1/INFO]: [SkinsRestorer]     |   SkinsRestorer  |
[22:51:22] [Folia Async Scheduler Thread #1/INFO]: [SkinsRestorer]     |------------------|
[22:51:22] [Folia Async Scheduler Thread #1/INFO]: [SkinsRestorer]     |  Standalone Mode |
[22:51:22] [Folia Async Scheduler Thread #1/INFO]: [SkinsRestorer]     +==================+
[22:51:22] [Folia Async Scheduler Thread #1/INFO]: [SkinsRestorer] ----------------------------------------------
[22:51:22] [Folia Async Scheduler Thread #1/INFO]: [SkinsRestorer]     Version: 15.7.10
[22:51:22] [Folia Async Scheduler Thread #1/INFO]: [SkinsRestorer]     Commit: 19ef760
[22:51:22] [Folia Async Scheduler Thread #1/INFO]: [SkinsRestorer]     This is the latest version!
[22:51:22] [Folia Async Scheduler Thread #1/INFO]: [SkinsRestorer] ----------------------------------------------
[22:51:22] [Folia Async Scheduler Thread #1/INFO]: [SkinsRestorer] Do you have issues? Read our troubleshooting guide: https://skinsrestorer.net/docs/troubleshooting
[22:51:22] [Folia Async Scheduler Thread #1/INFO]: [SkinsRestorer] Want to support SkinsRestorer? Consider donating: https://skinsrestorer.net/donate
[22:51:38] [Server thread/INFO]: Preparing start region for dimension minecraft:overworld
[22:51:47] [Server thread/INFO]: Time elapsed: 9373 ms
[22:51:47] [Server thread/INFO]: Preparing start region for dimension minecraft:the_nether
[22:51:50] [Server thread/INFO]: Time elapsed: 2933 ms
[22:51:50] [Server thread/INFO]: Preparing start region for dimension minecraft:the_end
[22:51:51] [Server thread/INFO]: Time elapsed: 979 ms
[22:51:51] [Server thread/INFO]: [ViaVersion] Enabling ViaVersion v5.5.0-SNAPSHOT
[22:51:51] [Server thread/INFO]: [ViaVersion] ViaVersion detected server version: 1.21-1.21.1 (767)
[22:51:51] [Server thread/INFO]: [floodgate] Enabling floodgate v2.2.4-SNAPSHOT (b118-40d320a)
[22:51:52] [Server thread/INFO]: [ViaBackwards] Enabling ViaBackwards v5.4.3-SNAPSHOT
[22:51:52] [Server thread/INFO]: [voicechat] Enabling voicechat v2.5.36
[22:51:52] [Server thread/INFO]: [voicechat] Initializing compatibility for version 1.21-R0.1
[22:51:52] [Server thread/INFO]: [voicechat] Compatibility version 18
[22:51:52] [Server thread/INFO]: [voicechat] Successfully initialized commodore command completion
[22:51:52] [Server thread/INFO]: [voicechat] Successfully added ViaVersion mappings
[22:51:52] [Server thread/INFO]: [Geyser-Spigot] Enabling Geyser-Spigot v2.8.3-SNAPSHOT
[22:51:56] [Server thread/INFO]: [spark] Starting background profiler...
[22:51:57] [Server thread/INFO]: [Geyser-Spigot] ******************************************
[22:51:57] [Server thread/INFO]: [Geyser-Spigot] 
[22:51:57] [Server thread/INFO]: [Geyser-Spigot] Loading Geyser version 2.8.3-b917 (git-master-1dc3f41)
[22:51:57] [Server thread/INFO]: [Geyser-Spigot] 
[22:51:57] [Server thread/INFO]: [Geyser-Spigot] ******************************************
[22:52:06] [GeyserServer-3-1/INFO]: [Geyser-Spigot] Started Geyser on UDP port 19132
[22:52:06] [Server thread/INFO]: [Geyser-Spigot] Done (9.025s)! Run /geyser help for help!
[22:52:06] [Server thread/INFO]: Done preparing level "world" (44.805s)
[22:52:06] [Server thread/INFO]: Running delayed init tasks
[22:52:06] [Server thread/INFO]: Done (80.478s)! For help, type "help"
[22:52:06] [Server thread/INFO]: Timings Reset
[22:52:06] [Craft Scheduler Thread - 5 - ViaVersion/INFO]: [ViaVersion] Finished mapping loading, shutting down loader executor.
[22:52:06] [Server thread/INFO]: [voicechat] Loading plugins
[22:52:06] [Server thread/INFO]: [voicechat] Loaded 0 plugin(s)
[22:52:06] [Server thread/INFO]: [voicechat] Initializing plugins
[22:52:06] [Server thread/INFO]: [voicechat] Initialized 0 plugin(s)
[22:52:06] [Server thread/WARN]: [voicechat] Running in offline mode - Voice chat encryption is not secure!
[22:52:06] [VoiceChatServerThread/INFO]: [voicechat] Voice chat server started at port 24454
[22:52:06] [Server thread/INFO]: [ViaVersion] You are running a development version of the plugin, please report any bugs to GitHub.
[22:53:58] [User Authenticator #0/INFO]: UUID of player TheSafirux is 3d7dbc71-bce2-3aad-acd4-622f5166c40c
[22:53:59] [Server thread/INFO]: TheSafirux joined the game
[22:53:59] [Server thread/INFO]: TheSafirux[/127.251.68.0:46741] logged in with entity id 57 at ([world]7.5, 66.0, -5.5)
[22:57:43] [Server thread/INFO]: TheSafirux has made the advancement [Stone Age]
[22:58:35] [User Authenticator #1/INFO]: UUID of player juan is a0acb011-c7e4-33ae-9a02-7d7f14e4cd7d
[22:58:38] [Server thread/INFO]: juan joined the game
[22:58:38] [Server thread/INFO]: juan[/127.71.213.237:32807] logged in with entity id 1411 at ([world]19.5, 67.0, -8.5)
[22:58:47] [Async Chat Thread - #0/INFO]: [Not Secure] <TheSafirux> holas
[22:59:19] [Server thread/INFO]: juan has made the advancement [Stone Age]
[22:59:22] [Async Chat Thread - #0/INFO]: [Not Secure] <juan> llamada
[22:59:27] [Async Chat Thread - #0/INFO]: [Not Secure] <TheSafirux> si
[22:59:38] [Server thread/INFO]: TheSafirux has made the advancement [Getting an Upgrade]
[23:00:41] [Server thread/INFO]: juan has made the advancement [Getting an Upgrade]
[23:03:30] [Server thread/INFO]: TheSafirux issued server command: /seed
[23:03:34] [Server thread/INFO]: Unknown or incomplete command, see below for error
/seed<--[HERE]
[23:03:37] [Server thread/INFO]: Seed: [-6113548939118475179]
[23:04:53] [Async Chat Thread - #3/INFO]: [Not Secure] <TheSafirux> 280 ~ 376
[23:04:56] [Server thread/INFO]: juan has made the advancement [Monster Hunter]
[23:05:37] [Server thread/INFO]: TheSafirux was slain by Zombie
[23:05:55] [Server thread/INFO]: juan was shot by Skeleton
[23:06:02] [Server thread/INFO]: TheSafirux was blown up by Creeper
[23:06:25] [Server thread/INFO]: TheSafirux was slain by Zombie
[23:06:55] [Server thread/INFO]: TheSafirux was slain by Zombie
[23:07:25] [Server thread/INFO]: TheSafirux has made the advancement [Monster Hunter]
[23:07:55] [Server thread/INFO]: juan was shot by Skeleton
[23:08:29] [Server thread/INFO]: TheSafirux was shot by Skeleton
[23:09:13] [Server thread/INFO]: TheSafirux was slain by juan
